SF:lib\keylol.dart
DA:10,1
DA:12,1
DA:13,2
DA:15,1
DA:20,1
DA:21,1
DA:24,3
DA:25,3
DA:27,1
DA:30,2
DA:32,0
DA:33,0
LF:12
LH:10
end_of_record
SF:lib\apis\rest_api.dart
DA:16,0
DA:20,0
DA:21,0
DA:26,0
DA:33,0
LF:5
LH:0
end_of_record
SF:lib\models\api_response.dart
DA:22,0
DA:24,0
DA:25,0
DA:26,0
DA:29,0
DA:31,0
DA:33,0
DA:34,0
LF:8
LH:0
end_of_record
SF:lib\models\api_response.g.dart
DA:9,0
DA:13,0
DA:14,0
DA:15,0
DA:16,0
DA:17,0
DA:20,0
DA:24,0
DA:25,0
DA:26,0
DA:27,0
DA:28,0
LF:12
LH:0
end_of_record
SF:lib\models\variables.dart
DA:40,0
DA:56,0
DA:69,0
DA:70,0
DA:72,0
LF:5
LH:0
end_of_record
SF:lib\models\variables.g.dart
DA:9,0
DA:10,0
DA:11,0
DA:12,0
DA:13,0
DA:14,0
DA:15,0
DA:16,0
DA:17,0
DA:18,0
DA:19,0
DA:20,0
DA:21,0
DA:24,0
DA:25,0
DA:26,0
DA:27,0
DA:28,0
DA:29,0
DA:30,0
DA:31,0
DA:32,0
DA:33,0
DA:34,0
DA:35,0
DA:36,0
LF:26
LH:0
end_of_record
SF:lib\models\message.dart
DA:13,0
DA:15,0
DA:16,0
DA:18,0
LF:4
LH:0
end_of_record
SF:lib\models\message.g.dart
DA:9,0
DA:10,0
DA:11,0
DA:14,0
DA:15,0
DA:16,0
LF:6
LH:0
end_of_record
SF:lib\models\notice.dart
DA:20,0
DA:22,0
DA:24,0
LF:3
LH:0
end_of_record
SF:lib\models\notice.g.dart
DA:9,0
DA:10,0
DA:11,0
DA:12,0
DA:13,0
DA:16,0
DA:17,0
DA:18,0
DA:19,0
DA:20,0
LF:10
LH:0
end_of_record
SF:lib\utils\json_util.dart
DA:1,0
DA:3,0
LF:2
LH:0
end_of_record
